# JRE version: OpenJDK Runtime Environment (8.0_242-b01) (build 1.8.0_242-release-1644-b01)
# Java VM: OpenJDK 64-Bit Server VM (25.242-b01 mixed mode windows-amd64 compressed oops)
Heap:
 PSYoungGen      total 376832K, used 319485K [0x00000000d5580000, 0x00000000f4480000, 0x0000000100000000)
  eden space 330752K, 96% used [0x00000000d5580000,0x00000000e8d7f5d0,0x00000000e9880000)
  from space 46080K, 0% used [0x00000000e9880000,0x00000000e9880000,0x00000000ec580000)
  to   space 45056K, 0% used [0x00000000f1880000,0x00000000f1880000,0x00000000f4480000)
 ParOldGen       total 181760K, used 62245K [0x0000000080000000, 0x000000008b180000, 0x00000000d5580000)
  object space 181760K, 34% used [0x0000000080000000,0x0000000083cc95a8,0x000000008b180000)
 Metaspace       used 98559K, capacity 103722K, committed 103808K, reserved 1138688K
  class space    used 13038K, capacity 14188K, committed 14208K, reserved 1048576K
GC Heap History (10 events):
Event: 838.300 GC heap before
{Heap before GC invocations=15 (full 3):
 PSYoungGen      total 255488K, used 251151K [0x00000000d5580000, 0x00000000ea700000, 0x0000000100000000)
  eden space 230912K, 100% used [0x00000000d5580000,0x00000000e3700000,0x00000000e3700000)
  from space 24576K, 82% used [0x00000000e3700000,0x00000000e4ac3f68,0x00000000e4f00000)
  to   space 26624K, 0% used [0x00000000e8d00000,0x00000000e8d00000,0x00000000ea700000)
 ParOldGen       total 122368K, used 35271K [0x0000000080000000, 0x0000000087780000, 0x00000000d5580000)
  object space 122368K, 28% used [0x0000000080000000,0x0000000082271de8,0x0000000087780000)
 Metaspace       used 80286K, capacity 84448K, committed 84480K, reserved 1122304K
  class space    used 10821K, capacity 11768K, committed 11776K, reserved 1048576K
Event: 838.394 GC heap after
Heap after GC invocations=15 (full 3):
 PSYoungGen      total 309760K, used 26621K [0x00000000d5580000, 0x00000000eab00000, 0x0000000100000000)
  eden space 283136K, 0% used [0x00000000d5580000,0x00000000d5580000,0x00000000e6a00000)
  from space 26624K, 99% used [0x00000000e8d00000,0x00000000ea6ff5e8,0x00000000ea700000)
  to   space 33280K, 0% used [0x00000000e6a00000,0x00000000e6a00000,0x00000000e8a80000)
 ParOldGen       total 122368K, used 41842K [0x0000000080000000, 0x0000000087780000, 0x00000000d5580000)
  object space 122368K, 34% used [0x0000000080000000,0x00000000828dc858,0x0000000087780000)
 Metaspace       used 80286K, capacity 84448K, committed 84480K, reserved 1122304K
  class space    used 10821K, capacity 11768K, committed 11776K, reserved 1048576K
}
Event: 1168.884 GC heap before
{Heap before GC invocations=16 (full 3):
 PSYoungGen      total 309760K, used 309757K [0x00000000d5580000, 0x00000000eab00000, 0x0000000100000000)
  eden space 283136K, 100% used [0x00000000d5580000,0x00000000e6a00000,0x00000000e6a00000)
  from space 26624K, 99% used [0x00000000e8d00000,0x00000000ea6ff5e8,0x00000000ea700000)
  to   space 33280K, 0% used [0x00000000e6a00000,0x00000000e6a00000,0x00000000e8a80000)
 ParOldGen       total 122368K, used 41842K [0x0000000080000000, 0x0000000087780000, 0x00000000d5580000)
  object space 122368K, 34% used [0x0000000080000000,0x00000000828dc858,0x0000000087780000)
 Metaspace       used 86208K, capacity 90944K, committed 91264K, reserved 1128448K
  class space    used 11546K, capacity 12602K, committed 12672K, reserved 1048576K
Event: 1169.020 GC heap after
Heap after GC invocations=16 (full 3):
 PSYoungGen      total 316416K, used 33261K [0x00000000d5580000, 0x00000000ef400000, 0x0000000100000000)
  eden space 283136K, 0% used [0x00000000d5580000,0x00000000d5580000,0x00000000e6a00000)
  from space 33280K, 99% used [0x00000000e6a00000,0x00000000e8a7b488,0x00000000e8a80000)
  to   space 44032K, 0% used [0x00000000ec900000,0x00000000ec900000,0x00000000ef400000)
 ParOldGen       total 122368K, used 57886K [0x0000000080000000, 0x0000000087780000, 0x00000000d5580000)
  object space 122368K, 47% used [0x0000000080000000,0x0000000083887bd0,0x0000000087780000)
 Metaspace       used 86208K, capacity 90944K, committed 91264K, reserved 1128448K
  class space    used 11546K, capacity 12602K, committed 12672K, reserved 1048576K
}
Event: 1195.489 GC heap before
{Heap before GC invocations=17 (full 3):
 PSYoungGen      total 316416K, used 316397K [0x00000000d5580000, 0x00000000ef400000, 0x0000000100000000)
  eden space 283136K, 100% used [0x00000000d5580000,0x00000000e6a00000,0x00000000e6a00000)
  from space 33280K, 99% used [0x00000000e6a00000,0x00000000e8a7b488,0x00000000e8a80000)
  to   space 44032K, 0% used [0x00000000ec900000,0x00000000ec900000,0x00000000ef400000)
 ParOldGen       total 122368K, used 57886K [0x0000000080000000, 0x0000000087780000, 0x00000000d5580000)
  object space 122368K, 47% used [0x0000000080000000,0x0000000083887bd0,0x0000000087780000)
 Metaspace       used 92976K, capacity 98156K, committed 98304K, reserved 1134592K
  class space    used 12364K, capacity 13518K, committed 13568K, reserved 1048576K
Event: 1195.592 GC heap after
Heap after GC invocations=17 (full 3):
 PSYoungGen      total 373248K, used 30293K [0x00000000d5580000, 0x00000000ef280000, 0x0000000100000000)
  eden space 330752K, 0% used [0x00000000d5580000,0x00000000d5580000,0x00000000e9880000)
  from space 42496K, 71% used [0x00000000ec900000,0x00000000ee695598,0x00000000ef280000)
  to   space 46080K, 0% used [0x00000000e9880000,0x00000000e9880000,0x00000000ec580000)
 ParOldGen       total 122368K, used 77160K [0x0000000080000000, 0x0000000087780000, 0x00000000d5580000)
  object space 122368K, 63% used [0x0000000080000000,0x0000000084b5a280,0x0000000087780000)
 Metaspace       used 92976K, capacity 98156K, committed 98304K, reserved 1134592K
  class space    used 12364K, capacity 13518K, committed 13568K, reserved 1048576K
}
Event: 1196.915 GC heap before
{Heap before GC invocations=18 (full 3):
 PSYoungGen      total 373248K, used 69246K [0x00000000d5580000, 0x00000000ef280000, 0x0000000100000000)
  eden space 330752K, 11% used [0x00000000d5580000,0x00000000d7b8a4b0,0x00000000e9880000)
  from space 42496K, 71% used [0x00000000ec900000,0x00000000ee695598,0x00000000ef280000)
  to   space 46080K, 0% used [0x00000000e9880000,0x00000000e9880000,0x00000000ec580000)
 ParOldGen       total 122368K, used 77160K [0x0000000080000000, 0x0000000087780000, 0x00000000d5580000)
  object space 122368K, 63% used [0x0000000080000000,0x0000000084b5a280,0x0000000087780000)
 Metaspace       used 93265K, capacity 98462K, committed 98496K, reserved 1134592K
  class space    used 12387K, capacity 13553K, committed 13568K, reserved 1048576K
Event: 1196.969 GC heap after
Heap after GC invocations=18 (full 3):
 PSYoungGen      total 376832K, used 23424K [0x00000000d5580000, 0x00000000f4480000, 0x0000000100000000)
  eden space 330752K, 0% used [0x00000000d5580000,0x00000000d5580000,0x00000000e9880000)
  from space 46080K, 50% used [0x00000000e9880000,0x00000000eaf60358,0x00000000ec580000)
  to   space 45056K, 0% used [0x00000000f1880000,0x00000000f1880000,0x00000000f4480000)
 ParOldGen       total 122368K, used 77168K [0x0000000080000000, 0x0000000087780000, 0x00000000d5580000)
  object space 122368K, 63% used [0x0000000080000000,0x0000000084b5c280,0x0000000087780000)
 Metaspace       used 93265K, capacity 98462K, committed 98496K, reserved 1134592K
  class space    used 12387K, capacity 13553K, committed 13568K, reserved 1048576K
}
Event: 1196.969 GC heap before
{Heap before GC invocations=19 (full 4):
 PSYoungGen      total 376832K, used 23424K [0x00000000d5580000, 0x00000000f4480000, 0x0000000100000000)
  eden space 330752K, 0% used [0x00000000d5580000,0x00000000d5580000,0x00000000e9880000)
  from space 46080K, 50% used [0x00000000e9880000,0x00000000eaf60358,0x00000000ec580000)
  to   space 45056K, 0% used [0x00000000f1880000,0x00000000f1880000,0x00000000f4480000)
 ParOldGen       total 122368K, used 77168K [0x0000000080000000, 0x0000000087780000, 0x00000000d5580000)
  object space 122368K, 63% used [0x0000000080000000,0x0000000084b5c280,0x0000000087780000)
 Metaspace       used 93265K, capacity 98462K, committed 98496K, reserved 1134592K
  class space    used 12387K, capacity 13553K, committed 13568K, reserved 1048576K
Event: 1197.625 GC heap after
Heap after GC invocations=19 (full 4):
 PSYoungGen      total 376832K, used 0K [0x00000000d5580000, 0x00000000f4480000, 0x0000000100000000)
  eden space 330752K, 0% used [0x00000000d5580000,0x00000000d5580000,0x00000000e9880000)
  from space 46080K, 0% used [0x00000000e9880000,0x00000000e9880000,0x00000000ec580000)
  to   space 45056K, 0% used [0x00000000f1880000,0x00000000f1880000,0x00000000f4480000)
 ParOldGen       total 181760K, used 62245K [0x0000000080000000, 0x000000008b180000, 0x00000000d5580000)
  object space 181760K, 34% used [0x0000000080000000,0x0000000083cc95a8,0x000000008b180000)
 Metaspace       used 93189K, capacity 98242K, committed 98496K, reserved 1134592K
  class space    used 12362K, capacity 13509K, committed 13568K, reserved 1048576K
}

