# JRE version: OpenJDK Runtime Environment (8.0_242-b01) (build 1.8.0_242-release-1644-b01)
# Java VM: OpenJDK 64-Bit Server VM (25.242-b01 mixed mode windows-amd64 compressed oops)
Heap:
 PSYoungGen      total 426496K, used 60936K [0x00000000d5580000, 0x00000000f1400000, 0x0000000100000000)
  eden space 395264K, 11% used [0x00000000d5580000,0x00000000d839e6f0,0x00000000ed780000)
  from space 31232K, 43% used [0x00000000ef500000,0x00000000f0263cb0,0x00000000f1380000)
  to   space 30208K, 0% used [0x00000000ed780000,0x00000000ed780000,0x00000000ef500000)
 ParOldGen       total 156160K, used 105599K [0x0000000080000000, 0x0000000089880000, 0x00000000d5580000)
  object space 156160K, 67% used [0x0000000080000000,0x000000008671fd90,0x0000000089880000)
 Metaspace       used 102265K, capacity 108070K, committed 108288K, reserved 1142784K
  class space    used 13631K, capacity 14773K, committed 14848K, reserved 1048576K
GC Heap History (10 events):
Event: 107.246 GC heap before
{Heap before GC invocations=26 (full 4):
 PSYoungGen      total 315392K, used 315364K [0x00000000d5580000, 0x00000000ef000000, 0x0000000100000000)
  eden space 289792K, 100% used [0x00000000d5580000,0x00000000e7080000,0x00000000e7080000)
  from space 25600K, 99% used [0x00000000e7080000,0x00000000e89790e0,0x00000000e8980000)
  to   space 35328K, 0% used [0x00000000ecd80000,0x00000000ecd80000,0x00000000ef000000)
 ParOldGen       total 156160K, used 79206K [0x0000000080000000, 0x0000000089880000, 0x00000000d5580000)
  object space 156160K, 50% used [0x0000000080000000,0x0000000084d59848,0x0000000089880000)
 Metaspace       used 101764K, capacity 107438K, committed 107776K, reserved 1142784K
  class space    used 13613K, capacity 14759K, committed 14848K, reserved 1048576K
Event: 107.316 GC heap after
Heap after GC invocations=26 (full 4):
 PSYoungGen      total 381952K, used 3488K [0x00000000d5580000, 0x00000000eee00000, 0x0000000100000000)
  eden space 348672K, 0% used [0x00000000d5580000,0x00000000d5580000,0x00000000eaa00000)
  from space 33280K, 10% used [0x00000000ecd80000,0x00000000ed0e8000,0x00000000eee00000)
  to   space 34816K, 0% used [0x00000000eaa00000,0x00000000eaa00000,0x00000000ecc00000)
 ParOldGen       total 156160K, used 103611K [0x0000000080000000, 0x0000000089880000, 0x00000000d5580000)
  object space 156160K, 66% used [0x0000000080000000,0x000000008652ed38,0x0000000089880000)
 Metaspace       used 101764K, capacity 107438K, committed 107776K, reserved 1142784K
  class space    used 13613K, capacity 14759K, committed 14848K, reserved 1048576K
}
Event: 110.901 GC heap before
{Heap before GC invocations=27 (full 4):
 PSYoungGen      total 381952K, used 352160K [0x00000000d5580000, 0x00000000eee00000, 0x0000000100000000)
  eden space 348672K, 100% used [0x00000000d5580000,0x00000000eaa00000,0x00000000eaa00000)
  from space 33280K, 10% used [0x00000000ecd80000,0x00000000ed0e8000,0x00000000eee00000)
  to   space 34816K, 0% used [0x00000000eaa00000,0x00000000eaa00000,0x00000000ecc00000)
 ParOldGen       total 156160K, used 103611K [0x0000000080000000, 0x0000000089880000, 0x00000000d5580000)
  object space 156160K, 66% used [0x0000000080000000,0x000000008652ed38,0x0000000089880000)
 Metaspace       used 101855K, capacity 107608K, committed 107776K, reserved 1142784K
  class space    used 13619K, capacity 14768K, committed 14848K, reserved 1048576K
Event: 110.939 GC heap after
Heap after GC invocations=27 (full 4):
 PSYoungGen      total 383488K, used 3152K [0x00000000d5580000, 0x00000000eee00000, 0x0000000100000000)
  eden space 348672K, 0% used [0x00000000d5580000,0x00000000d5580000,0x00000000eaa00000)
  from space 34816K, 9% used [0x00000000eaa00000,0x00000000ead14010,0x00000000ecc00000)
  to   space 33280K, 0% used [0x00000000ecd80000,0x00000000ecd80000,0x00000000eee00000)
 ParOldGen       total 156160K, used 105583K [0x0000000080000000, 0x0000000089880000, 0x00000000d5580000)
  object space 156160K, 67% used [0x0000000080000000,0x000000008671bd90,0x0000000089880000)
 Metaspace       used 101855K, capacity 107608K, committed 107776K, reserved 1142784K
  class space    used 13619K, capacity 14768K, committed 14848K, reserved 1048576K
}
Event: 114.590 GC heap before
{Heap before GC invocations=28 (full 4):
 PSYoungGen      total 383488K, used 351824K [0x00000000d5580000, 0x00000000eee00000, 0x0000000100000000)
  eden space 348672K, 100% used [0x00000000d5580000,0x00000000eaa00000,0x00000000eaa00000)
  from space 34816K, 9% used [0x00000000eaa00000,0x00000000ead14010,0x00000000ecc00000)
  to   space 33280K, 0% used [0x00000000ecd80000,0x00000000ecd80000,0x00000000eee00000)
 ParOldGen       total 156160K, used 105583K [0x0000000080000000, 0x0000000089880000, 0x00000000d5580000)
  object space 156160K, 67% used [0x0000000080000000,0x000000008671bd90,0x0000000089880000)
 Metaspace       used 102078K, capacity 107922K, committed 108032K, reserved 1142784K
  class space    used 13630K, capacity 14773K, committed 14848K, reserved 1048576K
Event: 114.635 GC heap after
Heap after GC invocations=28 (full 4):
 PSYoungGen      total 381952K, used 6792K [0x00000000d5580000, 0x00000000eee00000, 0x0000000100000000)
  eden space 348672K, 0% used [0x00000000d5580000,0x00000000d5580000,0x00000000eaa00000)
  from space 33280K, 20% used [0x00000000ecd80000,0x00000000ed422260,0x00000000eee00000)
  to   space 34816K, 0% used [0x00000000eaa00000,0x00000000eaa00000,0x00000000ecc00000)
 ParOldGen       total 156160K, used 105591K [0x0000000080000000, 0x0000000089880000, 0x00000000d5580000)
  object space 156160K, 67% used [0x0000000080000000,0x000000008671dd90,0x0000000089880000)
 Metaspace       used 102078K, capacity 107922K, committed 108032K, reserved 1142784K
  class space    used 13630K, capacity 14773K, committed 14848K, reserved 1048576K
}
Event: 118.209 GC heap before
{Heap before GC invocations=29 (full 4):
 PSYoungGen      total 381952K, used 355464K [0x00000000d5580000, 0x00000000eee00000, 0x0000000100000000)
  eden space 348672K, 100% used [0x00000000d5580000,0x00000000eaa00000,0x00000000eaa00000)
  from space 33280K, 20% used [0x00000000ecd80000,0x00000000ed422260,0x00000000eee00000)
  to   space 34816K, 0% used [0x00000000eaa00000,0x00000000eaa00000,0x00000000ecc00000)
 ParOldGen       total 156160K, used 105591K [0x0000000080000000, 0x0000000089880000, 0x00000000d5580000)
  object space 156160K, 67% used [0x0000000080000000,0x000000008671dd90,0x0000000089880000)
 Metaspace       used 102152K, capacity 107998K, committed 108288K, reserved 1142784K
  class space    used 13631K, capacity 14773K, committed 14848K, reserved 1048576K
Event: 118.246 GC heap after
Heap after GC invocations=29 (full 4):
 PSYoungGen      total 383488K, used 9843K [0x00000000d5580000, 0x00000000f1380000, 0x0000000100000000)
  eden space 348672K, 0% used [0x00000000d5580000,0x00000000d5580000,0x00000000eaa00000)
  from space 34816K, 28% used [0x00000000eaa00000,0x00000000eb39cdd0,0x00000000ecc00000)
  to   space 31232K, 0% used [0x00000000ef500000,0x00000000ef500000,0x00000000f1380000)
 ParOldGen       total 156160K, used 105599K [0x0000000080000000, 0x0000000089880000, 0x00000000d5580000)
  object space 156160K, 67% used [0x0000000080000000,0x000000008671fd90,0x0000000089880000)
 Metaspace       used 102152K, capacity 107998K, committed 108288K, reserved 1142784K
  class space    used 13631K, capacity 14773K, committed 14848K, reserved 1048576K
}
Event: 121.873 GC heap before
{Heap before GC invocations=30 (full 4):
 PSYoungGen      total 383488K, used 358515K [0x00000000d5580000, 0x00000000f1380000, 0x0000000100000000)
  eden space 348672K, 100% used [0x00000000d5580000,0x00000000eaa00000,0x00000000eaa00000)
  from space 34816K, 28% used [0x00000000eaa00000,0x00000000eb39cdd0,0x00000000ecc00000)
  to   space 31232K, 0% used [0x00000000ef500000,0x00000000ef500000,0x00000000f1380000)
 ParOldGen       total 156160K, used 105599K [0x0000000080000000, 0x0000000089880000, 0x00000000d5580000)
  object space 156160K, 67% used [0x0000000080000000,0x000000008671fd90,0x0000000089880000)
 Metaspace       used 102264K, capacity 108066K, committed 108288K, reserved 1142784K
  class space    used 13631K, capacity 14773K, committed 14848K, reserved 1048576K
Event: 121.949 GC heap after
Heap after GC invocations=30 (full 4):
 PSYoungGen      total 426496K, used 13711K [0x00000000d5580000, 0x00000000f1400000, 0x0000000100000000)
  eden space 395264K, 0% used [0x00000000d5580000,0x00000000d5580000,0x00000000ed780000)
  from space 31232K, 43% used [0x00000000ef500000,0x00000000f0263cb0,0x00000000f1380000)
  to   space 30208K, 0% used [0x00000000ed780000,0x00000000ed780000,0x00000000ef500000)
 ParOldGen       total 156160K, used 105599K [0x0000000080000000, 0x0000000089880000, 0x00000000d5580000)
  object space 156160K, 67% used [0x0000000080000000,0x000000008671fd90,0x0000000089880000)
 Metaspace       used 102264K, capacity 108066K, committed 108288K, reserved 1142784K
  class space    used 13631K, capacity 14773K, committed 14848K, reserved 1048576K
}

